<?xml version="1.0" encoding="UTF-8"?>
<!-- Generated by org.testng.reporters.JUnitReportReporter -->
<testsuite skipped="0" hostname="LAPTOP-V27AG5SL" name="com.dollardays.testcases.MenuTestcase" tests="7" failures="0" timestamp="2020-09-18T10:59:22 PDT" time="113.932" errors="0">
  <testcase name="verifyMenuItemsTest" time="14.575" classname="com.dollardays.testcases.MenuTestcase"/>
  <system-out/>
  <testcase name="verifyBackToSchoolTest" time="15.671" classname="com.dollardays.testcases.MenuTestcase"/>
  <system-out/>
  <testcase name="verifyMaskSanitizerPPETest" time="20.489" classname="com.dollardays.testcases.MenuTestcase"/>
  <system-out/>
  <testcase name="verifyForwardBackpacksTest" time="16.154" classname="com.dollardays.testcases.MenuTestcase"/>
  <system-out/>
  <testcase name="verifyBabyTest" time="14.782" classname="com.dollardays.testcases.MenuTestcase"/>
  <system-out/>
  <testcase name="verifyfAQsTest" time="15.338" classname="com.dollardays.testcases.MenuTestcase"/>
  <system-out/>
  <testcase name="verifyElementsOnfAQsTest" time="16.923" classname="com.dollardays.testcases.MenuTestcase"/>
  <system-out/>
</testsuite> <!-- com.dollardays.testcases.MenuTestcase -->
