<?xml version="1.0" encoding="UTF-8"?>
<!-- Generated by org.testng.reporters.JUnitReportReporter -->
<testsuite skipped="0" hostname="Paramjeets-MacBook-Air.local" name="com.dollardays.testcases.TC_Homepage1" tests="3" failures="0" timestamp="2021-01-19T20:17:27 EST" time="786.563" errors="0">
  <testcase name="homepage1" time="257.383" classname="com.dollardays.testcases.TC_Homepage1"/>
  <system-out/>
  <testcase name="homepage2" time="199.645" classname="com.dollardays.testcases.TC_Homepage1"/>
  <system-out/>
  <testcase name="footer" time="329.535" classname="com.dollardays.testcases.TC_Homepage1"/>
  <system-out/>
</testsuite> <!-- com.dollardays.testcases.TC_Homepage1 -->
