<?xml version="1.0" encoding="UTF-8"?>
<!-- Generated by org.testng.reporters.JUnitReportReporter -->
<testsuite skipped="0" hostname="MININT-UM25UFB" name="com.dollardays.testcases.DefaultPaymentMethodScript" tests="6" failures="0" timestamp="2020-10-05T17:13:57 EDT" time="166.894" errors="0">
  <testcase name="VerifyDCEditClick" time="26.116" classname="com.dollardays.testcases.DefaultPaymentMethodScript"/>
  <system-out/>
  <testcase name="VerifyCardVisible" time="25.263" classname="com.dollardays.testcases.DefaultPaymentMethodScript"/>
  <system-out/>
  <testcase name="VerifyClickAddNewCard" time="25.465" classname="com.dollardays.testcases.DefaultPaymentMethodScript"/>
  <system-out/>
  <testcase name="VerifySetDefaultCard" time="25.598" classname="com.dollardays.testcases.DefaultPaymentMethodScript"/>
  <system-out/>
  <testcase name="VerifyEditOnCard" time="26.962" classname="com.dollardays.testcases.DefaultPaymentMethodScript"/>
  <system-out/>
  <testcase name="VerifyDeleteCard" time="37.490" classname="com.dollardays.testcases.DefaultPaymentMethodScript"/>
  <system-out/>
</testsuite> <!-- com.dollardays.testcases.DefaultPaymentMethodScript -->
