<?xml version="1.0" encoding="UTF-8"?>
<!-- Generated by org.testng.reporters.JUnitReportReporter -->
<testsuite skipped="0" hostname="LAPTOP-V27AG5SL" name="com.dollardays.testcases.Team1CreateAccountTestCase" tests="1" failures="0" timestamp="2020-09-18T10:43:32 PDT" time="17.151" errors="0">
  <testcase name="createlogin" time="17.151" classname="com.dollardays.testcases.Team1CreateAccountTestCase"/>
  <system-out/>
</testsuite> <!-- com.dollardays.testcases.Team1CreateAccountTestCase -->
