<?xml version="1.0" encoding="UTF-8"?>
<!-- Generated by org.testng.reporters.JUnitReportReporter -->
<testsuite skipped="0" hostname="LAPTOP-V27AG5SL" name="com.dollardays.testcases.Team9_ProductDescriptionPageTestCases" tests="26" failures="0" timestamp="2020-09-18T12:17:27 PDT" time="882.064" errors="0">
  <testcase name="TC_DD_PDP_ProductDetails_Cases" time="30.613" classname="com.dollardays.testcases.Team9_ProductDescriptionPageTestCases"/>
  <system-out/>
  <testcase name="TC_DD_PDP_LeftNavigation_Cases" time="30.335" classname="com.dollardays.testcases.Team9_ProductDescriptionPageTestCases"/>
  <system-out/>
  <testcase name="TC_DD_PDP_ProductDetails_Cases" time="29.388" classname="com.dollardays.testcases.Team9_ProductDescriptionPageTestCases"/>
  <system-out/>
  <testcase name="TC_DD_PDP_Quantity_Cases" time="39.301" classname="com.dollardays.testcases.Team9_ProductDescriptionPageTestCases"/>
  <system-out/>
  <testcase name="TC_DD_PDP_Quantity_Cases" time="39.994" classname="com.dollardays.testcases.Team9_ProductDescriptionPageTestCases"/>
  <system-out/>
  <testcase name="TC_DD_PDP_ProductDetails_Cases" time="30.266" classname="com.dollardays.testcases.Team9_ProductDescriptionPageTestCases"/>
  <system-out/>
  <testcase name="TC_DD_PDP_ProductDetails_Cases" time="29.954" classname="com.dollardays.testcases.Team9_ProductDescriptionPageTestCases"/>
  <system-out/>
  <testcase name="TC_DD_PDP_ProductDetails_Cases" time="30.644" classname="com.dollardays.testcases.Team9_ProductDescriptionPageTestCases"/>
  <system-out/>
  <testcase name="TC_DD_PDP_ProductDetails_Cases" time="29.819" classname="com.dollardays.testcases.Team9_ProductDescriptionPageTestCases"/>
  <system-out/>
  <testcase name="TC_DD_PDP_Quantity_Cases" time="39.513" classname="com.dollardays.testcases.Team9_ProductDescriptionPageTestCases"/>
  <system-out/>
  <testcase name="TC_DD_PDP_Quantity_Cases" time="36.841" classname="com.dollardays.testcases.Team9_ProductDescriptionPageTestCases"/>
  <system-out/>
  <testcase name="TC_DD_PDP_Entry_Cases" time="34.069" classname="com.dollardays.testcases.Team9_ProductDescriptionPageTestCases"/>
  <system-out/>
  <testcase name="TC_DD_PDP_Quantity_Cases" time="36.778" classname="com.dollardays.testcases.Team9_ProductDescriptionPageTestCases"/>
  <system-out/>
  <testcase name="TC_DD_PDP_LeftNavigation_Cases" time="33.247" classname="com.dollardays.testcases.Team9_ProductDescriptionPageTestCases"/>
  <system-out/>
  <testcase name="TC_DD_PDP_LeftNavigation_Cases" time="34.227" classname="com.dollardays.testcases.Team9_ProductDescriptionPageTestCases"/>
  <system-out/>
  <testcase name="TC_DD_PDP_LeftNavigation_Cases" time="31.738" classname="com.dollardays.testcases.Team9_ProductDescriptionPageTestCases"/>
  <system-out/>
  <testcase name="TC_DD_PDP_Quantity_Cases" time="36.604" classname="com.dollardays.testcases.Team9_ProductDescriptionPageTestCases"/>
  <system-out/>
  <testcase name="TC_DD_PDP_LeftNavigation_Cases" time="28.910" classname="com.dollardays.testcases.Team9_ProductDescriptionPageTestCases"/>
  <system-out/>
  <testcase name="TC_DD_PDP_ProductDetails_Cases" time="29.710" classname="com.dollardays.testcases.Team9_ProductDescriptionPageTestCases"/>
  <system-out/>
  <testcase name="TC_DD_PDP_ProductDetails_Cases" time="29.868" classname="com.dollardays.testcases.Team9_ProductDescriptionPageTestCases"/>
  <system-out/>
  <testcase name="TC_DD_PDP_LeftNavigation_Cases" time="32.445" classname="com.dollardays.testcases.Team9_ProductDescriptionPageTestCases"/>
  <system-out/>
  <testcase name="TC_DD_PDP_LeftNavigation_Cases" time="37.717" classname="com.dollardays.testcases.Team9_ProductDescriptionPageTestCases"/>
  <system-out/>
  <testcase name="TC_DD_PDP_Entry_Cases" time="34.094" classname="com.dollardays.testcases.Team9_ProductDescriptionPageTestCases"/>
  <system-out/>
  <testcase name="TC_DD_PDP_Quantity_Cases" time="38.620" classname="com.dollardays.testcases.Team9_ProductDescriptionPageTestCases"/>
  <system-out/>
  <testcase name="TC_DD_PDP_Quantity_Cases" time="46.834" classname="com.dollardays.testcases.Team9_ProductDescriptionPageTestCases"/>
  <system-out/>
  <testcase name="TC_DD_PDP_ProductDetails_Cases" time="30.535" classname="com.dollardays.testcases.Team9_ProductDescriptionPageTestCases"/>
  <system-out/>
</testsuite> <!-- com.dollardays.testcases.Team9_ProductDescriptionPageTestCases -->
