<?xml version="1.0" encoding="UTF-8"?>
<!-- Generated by org.testng.reporters.JUnitReportReporter -->
<testsuite skipped="0" hostname="MININT-UM25UFB" name="com.dollardays.testcases.EmailPreferencesValidationsTestCase" tests="5" failures="0" timestamp="2020-10-05T17:13:57 EDT" time="153.477" errors="0">
  <testcase name="emailPreferences_UserEmailAddressValidation" time="23.694" classname="com.dollardays.testcases.EmailPreferencesValidationsTestCase"/>
  <system-out/>
  <testcase name="emailPreferences_Checkbox_Validation_AtPageLaunch" time="24.043" classname="com.dollardays.testcases.EmailPreferencesValidationsTestCase"/>
  <system-out/>
  <testcase name="emailPreferences_checkbox_validation_AtClick" time="43.251" classname="com.dollardays.testcases.EmailPreferencesValidationsTestCase"/>
  <system-out/>
  <testcase name="EmailPreferences_LinksValidation" time="26.132" classname="com.dollardays.testcases.EmailPreferencesValidationsTestCase"/>
  <system-out/>
  <testcase name="termAndConditionsPage_LinksValidation" time="36.357" classname="com.dollardays.testcases.EmailPreferencesValidationsTestCase"/>
  <system-out/>
</testsuite> <!-- com.dollardays.testcases.EmailPreferencesValidationsTestCase -->
