<?xml version="1.0" encoding="UTF-8"?>
<!-- Generated by org.testng.reporters.JUnitReportReporter -->
<testsuite skipped="1" hostname="Paramjeets-MacBook-Air.local" name="com.dollardays.testcases.LoginTestcase" tests="1" failures="0" timestamp="2021-01-12T14:46:58 EST" time="0.000" errors="0">
  <testcase name="invokeLogin" time="0.000" classname="com.dollardays.testcases.LoginTestcase">
    <skipped/>
  </testcase> <!-- invokeLogin -->
  <system-out/>
</testsuite> <!-- com.dollardays.testcases.LoginTestcase -->
