<?xml version="1.0" encoding="UTF-8"?>
<!-- Generated by org.testng.reporters.JUnitReportReporter -->
<testsuite skipped="0" hostname="LAPTOP-V27AG5SL" name="com.dollardays.testcases.Team1HomePageTestcase" tests="7" failures="0" timestamp="2020-09-18T10:43:32 PDT" time="95.380" errors="0">
  <testcase name="tc_verfiyCartLogo" time="11.653" classname="com.dollardays.testcases.Team1HomePageTestcase"/>
  <system-out/>
  <testcase name="tc_06_CheckPageTitle" time="16.287" classname="com.dollardays.testcases.Team1HomePageTestcase"/>
  <system-out/>
  <testcase name="tc_verfiyWishList" time="17.181" classname="com.dollardays.testcases.Team1HomePageTestcase"/>
  <system-out/>
  <testcase name="tc_verfiySignInList" time="13.436" classname="com.dollardays.testcases.Team1HomePageTestcase"/>
  <system-out/>
  <testcase name="tc_verfiyDdLogo" time="10.423" classname="com.dollardays.testcases.Team1HomePageTestcase"/>
  <system-out/>
  <testcase name="tc_verfiySignInLogo" time="14.177" classname="com.dollardays.testcases.Team1HomePageTestcase"/>
  <system-out/>
  <testcase name="tc_verfiyWishListLogo" time="12.223" classname="com.dollardays.testcases.Team1HomePageTestcase"/>
  <system-out/>
</testsuite> <!-- com.dollardays.testcases.Team1HomePageTestcase -->
