<?xml version="1.0" encoding="UTF-8"?>
<!-- Generated by org.testng.reporters.JUnitReportReporter -->
<testsuite skipped="0" hostname="LAPTOP-V27AG5SL" name="com.dollardays.testcases.Team7DDSortByTestcase" tests="21" failures="0" timestamp="2020-09-18T11:41:51 PDT" time="1064.312" errors="0">
  <testcase name="SortBy_View" time="51.402" classname="com.dollardays.testcases.Team7DDSortByTestcase"/>
  <system-out/>
  <testcase name="SortBy_View" time="51.262" classname="com.dollardays.testcases.Team7DDSortByTestcase"/>
  <system-out/>
  <testcase name="SortBy_View" time="51.704" classname="com.dollardays.testcases.Team7DDSortByTestcase"/>
  <system-out/>
  <testcase name="SortBy_View" time="49.284" classname="com.dollardays.testcases.Team7DDSortByTestcase"/>
  <system-out/>
  <testcase name="SortBy_View" time="50.275" classname="com.dollardays.testcases.Team7DDSortByTestcase"/>
  <system-out/>
  <testcase name="SortBy_View" time="50.976" classname="com.dollardays.testcases.Team7DDSortByTestcase"/>
  <system-out/>
  <testcase name="SortBy_View" time="51.101" classname="com.dollardays.testcases.Team7DDSortByTestcase"/>
  <system-out/>
  <testcase name="SortBy_View" time="47.234" classname="com.dollardays.testcases.Team7DDSortByTestcase"/>
  <system-out/>
  <testcase name="SortBy_View" time="49.375" classname="com.dollardays.testcases.Team7DDSortByTestcase"/>
  <system-out/>
  <testcase name="SortBy_View" time="49.812" classname="com.dollardays.testcases.Team7DDSortByTestcase"/>
  <system-out/>
  <testcase name="SortBy_View" time="50.614" classname="com.dollardays.testcases.Team7DDSortByTestcase"/>
  <system-out/>
  <testcase name="SortBy_View" time="48.636" classname="com.dollardays.testcases.Team7DDSortByTestcase"/>
  <system-out/>
  <testcase name="SortBy_View" time="51.320" classname="com.dollardays.testcases.Team7DDSortByTestcase"/>
  <system-out/>
  <testcase name="SortBy_View" time="50.908" classname="com.dollardays.testcases.Team7DDSortByTestcase"/>
  <system-out/>
  <testcase name="SortBy_View" time="50.461" classname="com.dollardays.testcases.Team7DDSortByTestcase"/>
  <system-out/>
  <testcase name="SortBy_View" time="51.625" classname="com.dollardays.testcases.Team7DDSortByTestcase"/>
  <system-out/>
  <testcase name="SortBy_View" time="50.930" classname="com.dollardays.testcases.Team7DDSortByTestcase"/>
  <system-out/>
  <testcase name="SortBy_View" time="52.000" classname="com.dollardays.testcases.Team7DDSortByTestcase"/>
  <system-out/>
  <testcase name="SortBy_View" time="51.079" classname="com.dollardays.testcases.Team7DDSortByTestcase"/>
  <system-out/>
  <testcase name="SortBy_View" time="50.317" classname="com.dollardays.testcases.Team7DDSortByTestcase"/>
  <system-out/>
  <testcase name="SortBy_View" time="53.997" classname="com.dollardays.testcases.Team7DDSortByTestcase"/>
  <system-out/>
</testsuite> <!-- com.dollardays.testcases.Team7DDSortByTestcase -->
