<?xml version="1.0" encoding="UTF-8"?>
<!-- Generated by org.testng.reporters.JUnitReportReporter -->
<testsuite skipped="0" hostname="LAPTOP-V27AG5SL" name="com.dollardays.testcases.Team1LoginTestcase" tests="6" failures="0" timestamp="2020-09-18T10:43:32 PDT" time="113.593" errors="0">
  <testcase name="tc_04_SignInPageInValidEmailAddressFormat" time="18.407" classname="com.dollardays.testcases.Team1LoginTestcase"/>
  <system-out/>
  <testcase name="tc_02_SignInPageValidUsername_EmptyPassword" time="19.663" classname="com.dollardays.testcases.Team1LoginTestcase"/>
  <system-out/>
  <testcase name="tc_SignInPage_Display_SignIn_Name" time="19.158" classname="com.dollardays.testcases.Team1LoginTestcase"/>
  <system-out/>
  <testcase name="tc_05_SignInPageValidEmailAddress_InvalidPassword" time="18.142" classname="com.dollardays.testcases.Team1LoginTestcase"/>
  <system-out/>
  <testcase name="tc_03_SignInPageEmptyUsername_EmptyPassword" time="17.979" classname="com.dollardays.testcases.Team1LoginTestcase"/>
  <system-out/>
  <testcase name="tc_01_SignInPage_ValidUsername_Password" time="20.244" classname="com.dollardays.testcases.Team1LoginTestcase"/>
  <system-out/>
</testsuite> <!-- com.dollardays.testcases.Team1LoginTestcase -->
