<?xml version="1.0" encoding="UTF-8"?>
<!-- Generated by org.testng.reporters.JUnitReportReporter -->
<testsuite skipped="0" hostname="LAPTOP-V27AG5SL" name="com.dollardays.testcases.Team7DDPagination" tests="1" failures="0" timestamp="2020-09-09T10:01:51 PDT" time="239.519" errors="0">
  <testcase name="Pagination" time="239.519" classname="com.dollardays.testcases.Team7DDPagination"/>
  <system-out/>
</testsuite> <!-- com.dollardays.testcases.Team7DDPagination -->
