<?xml version="1.0" encoding="UTF-8"?>
<!-- Generated by org.testng.reporters.JUnitReportReporter -->
<testsuite skipped="0" hostname="LAPTOP-V27AG5SL" name="com.dollardays.testcases.HomePageB4logintestcase" tests="4" failures="0" timestamp="2020-09-18T11:55:40 PDT" time="113.617" errors="0">
  <testcase name="WishlistimgTest" time="27.979" classname="com.dollardays.testcases.HomePageB4logintestcase"/>
  <system-out/>
  <testcase name="WLLearnMorePageTitleTest" time="28.432" classname="com.dollardays.testcases.HomePageB4logintestcase"/>
  <system-out/>
  <testcase name="CreateawishlistPageTitleTest" time="28.395" classname="com.dollardays.testcases.HomePageB4logintestcase"/>
  <system-out/>
  <testcase name="DonatetodayPageTitleTest" time="28.811" classname="com.dollardays.testcases.HomePageB4logintestcase"/>
  <system-out/>
</testsuite> <!-- com.dollardays.testcases.HomePageB4logintestcase -->
